# JRE version: Java(TM) SE Runtime Environment (7.0_71-b14) (build 1.7.0_71-b14)
# Java VM: Java HotSpot(TM) 64-Bit Server VM (24.71-b01 mixed mode windows-amd64 compressed oops)
Heap
 PSYoungGen      total 140288K, used 77389K [0x00000007d5680000, 0x00000007de480000, 0x0000000800000000)
  eden space 135168K, 53% used [0x00000007d5680000,0x00000007d9d167b8,0x00000007dda80000)
  from space 5120K, 99% used [0x00000007ddf80000,0x00000007de47d010,0x00000007de480000)
  to   space 5120K, 0% used [0x00000007dda80000,0x00000007dda80000,0x00000007ddf80000)
 ParOldGen       total 87040K, used 33306K [0x0000000780400000, 0x0000000785900000, 0x00000007d5680000)
  object space 87040K, 38% used [0x0000000780400000,0x0000000782486970,0x0000000785900000)
 PSPermGen       total 35328K, used 35126K [0x000000077b200000, 0x000000077d480000, 0x0000000780400000)
  object space 35328K, 99% used [0x000000077b200000,0x000000077d44d850,0x000000077d480000)
GC Heap History (10 events):
Event: 3.454 GC heap before
{Heap before GC invocations=2 (full 0):
 PSYoungGen      total 38912K, used 38048K [0x00000007d5680000, 0x00000007da280000, 0x0000000800000000)
  eden space 33792K, 100% used [0x00000007d5680000,0x00000007d7780000,0x00000007d7780000)
  from space 5120K, 83% used [0x00000007d7780000,0x00000007d7ba8338,0x00000007d7c80000)
  to   space 5120K, 0% used [0x00000007d9d80000,0x00000007d9d80000,0x00000007da280000)
 ParOldGen       total 87040K, used 0K [0x0000000780400000, 0x0000000785900000, 0x00000007d5680000)
  object space 87040K, 0% used [0x0000000780400000,0x0000000780400000,0x0000000785900000)
 PSPermGen       total 21504K, used 12077K [0x000000077b200000, 0x000000077c700000, 0x0000000780400000)
  object space 21504K, 56% used [0x000000077b200000,0x000000077bdcb738,0x000000077c700000)
Event: 3.466 GC heap after
Heap after GC invocations=2 (full 0):
 PSYoungGen      total 72704K, used 5097K [0x00000007d5680000, 0x00000007da280000, 0x0000000800000000)
  eden space 67584K, 0% used [0x00000007d5680000,0x00000007d5680000,0x00000007d9880000)
  from space 5120K, 99% used [0x00000007d9d80000,0x00000007da27a608,0x00000007da280000)
  to   space 5120K, 0% used [0x00000007d9880000,0x00000007d9880000,0x00000007d9d80000)
 ParOldGen       total 87040K, used 2635K [0x0000000780400000, 0x0000000785900000, 0x00000007d5680000)
  object space 87040K, 3% used [0x0000000780400000,0x0000000780692d00,0x0000000785900000)
 PSPermGen       total 21504K, used 12077K [0x000000077b200000, 0x000000077c700000, 0x0000000780400000)
  object space 21504K, 56% used [0x000000077b200000,0x000000077bdcb738,0x000000077c700000)
}
Event: 4.646 GC heap before
{Heap before GC invocations=3 (full 0):
 PSYoungGen      total 72704K, used 72681K [0x00000007d5680000, 0x00000007da280000, 0x0000000800000000)
  eden space 67584K, 100% used [0x00000007d5680000,0x00000007d9880000,0x00000007d9880000)
  from space 5120K, 99% used [0x00000007d9d80000,0x00000007da27a608,0x00000007da280000)
  to   space 5120K, 0% used [0x00000007d9880000,0x00000007d9880000,0x00000007d9d80000)
 ParOldGen       total 87040K, used 2635K [0x0000000780400000, 0x0000000785900000, 0x00000007d5680000)
  object space 87040K, 3% used [0x0000000780400000,0x0000000780692d00,0x0000000785900000)
 PSPermGen       total 21504K, used 19037K [0x000000077b200000, 0x000000077c700000, 0x0000000780400000)
  object space 21504K, 88% used [0x000000077b200000,0x000000077c4977d8,0x000000077c700000)
Event: 4.668 GC heap after
Heap after GC invocations=3 (full 0):
 PSYoungGen      total 72704K, used 5114K [0x00000007d5680000, 0x00000007de480000, 0x0000000800000000)
  eden space 67584K, 0% used [0x00000007d5680000,0x00000007d5680000,0x00000007d9880000)
  from space 5120K, 99% used [0x00000007d9880000,0x00000007d9d7eab8,0x00000007d9d80000)
  to   space 5120K, 0% used [0x00000007ddf80000,0x00000007ddf80000,0x00000007de480000)
 ParOldGen       total 87040K, used 10168K [0x0000000780400000, 0x0000000785900000, 0x00000007d5680000)
  object space 87040K, 11% used [0x0000000780400000,0x0000000780dee008,0x0000000785900000)
 PSPermGen       total 21504K, used 19037K [0x000000077b200000, 0x000000077c700000, 0x0000000780400000)
  object space 21504K, 88% used [0x000000077b200000,0x000000077c4977d8,0x000000077c700000)
}
Event: 5.585 GC heap before
{Heap before GC invocations=4 (full 0):
 PSYoungGen      total 72704K, used 72698K [0x00000007d5680000, 0x00000007de480000, 0x0000000800000000)
  eden space 67584K, 100% used [0x00000007d5680000,0x00000007d9880000,0x00000007d9880000)
  from space 5120K, 99% used [0x00000007d9880000,0x00000007d9d7eab8,0x00000007d9d80000)
  to   space 5120K, 0% used [0x00000007ddf80000,0x00000007ddf80000,0x00000007de480000)
 ParOldGen       total 87040K, used 10168K [0x0000000780400000, 0x0000000785900000, 0x00000007d5680000)
  object space 87040K, 11% used [0x0000000780400000,0x0000000780dee008,0x0000000785900000)
 PSPermGen       total 21504K, used 20657K [0x000000077b200000, 0x000000077c700000, 0x0000000780400000)
  object space 21504K, 96% used [0x000000077b200000,0x000000077c62c540,0x000000077c700000)
Event: 5.602 GC heap after
Heap after GC invocations=4 (full 0):
 PSYoungGen      total 140288K, used 5096K [0x00000007d5680000, 0x00000007de480000, 0x0000000800000000)
  eden space 135168K, 0% used [0x00000007d5680000,0x00000007d5680000,0x00000007dda80000)
  from space 5120K, 99% used [0x00000007ddf80000,0x00000007de47a288,0x00000007de480000)
  to   space 5120K, 0% used [0x00000007dda80000,0x00000007dda80000,0x00000007ddf80000)
 ParOldGen       total 87040K, used 14627K [0x0000000780400000, 0x0000000785900000, 0x00000007d5680000)
  object space 87040K, 16% used [0x0000000780400000,0x0000000781248c10,0x0000000785900000)
 PSPermGen       total 21504K, used 20657K [0x000000077b200000, 0x000000077c700000, 0x0000000780400000)
  object space 21504K, 96% used [0x000000077b200000,0x000000077c62c540,0x000000077c700000)
}
Event: 8.201 GC heap before
{Heap before GC invocations=5 (full 0):
 PSYoungGen      total 140288K, used 140264K [0x00000007d5680000, 0x00000007de480000, 0x0000000800000000)
  eden space 135168K, 100% used [0x00000007d5680000,0x00000007dda80000,0x00000007dda80000)
  from space 5120K, 99% used [0x00000007ddf80000,0x00000007de47a288,0x00000007de480000)
  to   space 5120K, 0% used [0x00000007dda80000,0x00000007dda80000,0x00000007ddf80000)
 ParOldGen       total 87040K, used 14627K [0x0000000780400000, 0x0000000785900000, 0x00000007d5680000)
  object space 87040K, 16% used [0x0000000780400000,0x0000000781248c10,0x0000000785900000)
 PSPermGen       total 27648K, used 27547K [0x000000077b200000, 0x000000077cd00000, 0x0000000780400000)
  object space 27648K, 99% used [0x000000077b200000,0x000000077cce6db8,0x000000077cd00000)
Event: 8.229 GC heap after
Heap after GC invocations=5 (full 0):
 PSYoungGen      total 140288K, used 5096K [0x00000007d5680000, 0x00000007de480000, 0x0000000800000000)
  eden space 135168K, 0% used [0x00000007d5680000,0x00000007d5680000,0x00000007dda80000)
  from space 5120K, 99% used [0x00000007dda80000,0x00000007ddf7a020,0x00000007ddf80000)
  to   space 5120K, 0% used [0x00000007ddf80000,0x00000007ddf80000,0x00000007de480000)
 ParOldGen       total 87040K, used 24937K [0x0000000780400000, 0x0000000785900000, 0x00000007d5680000)
  object space 87040K, 28% used [0x0000000780400000,0x0000000781c5a748,0x0000000785900000)
 PSPermGen       total 27648K, used 27547K [0x000000077b200000, 0x000000077cd00000, 0x0000000780400000)
  object space 27648K, 99% used [0x000000077b200000,0x000000077cce6db8,0x000000077cd00000)
}
Event: 10.601 GC heap before
{Heap before GC invocations=6 (full 0):
 PSYoungGen      total 140288K, used 140264K [0x00000007d5680000, 0x00000007de480000, 0x0000000800000000)
  eden space 135168K, 100% used [0x00000007d5680000,0x00000007dda80000,0x00000007dda80000)
  from space 5120K, 99% used [0x00000007dda80000,0x00000007ddf7a020,0x00000007ddf80000)
  to   space 5120K, 0% used [0x00000007ddf80000,0x00000007ddf80000,0x00000007de480000)
 ParOldGen       total 87040K, used 24937K [0x0000000780400000, 0x0000000785900000, 0x00000007d5680000)
  object space 87040K, 28% used [0x0000000780400000,0x0000000781c5a748,0x0000000785900000)
 PSPermGen       total 33280K, used 33253K [0x000000077b200000, 0x000000077d280000, 0x0000000780400000)
  object space 33280K, 99% used [0x000000077b200000,0x000000077d279778,0x000000077d280000)
Event: 10.629 GC heap after
Heap after GC invocations=6 (full 0):
 PSYoungGen      total 140288K, used 5108K [0x00000007d5680000, 0x00000007de480000, 0x0000000800000000)
  eden space 135168K, 0% used [0x00000007d5680000,0x00000007d5680000,0x00000007dda80000)
  from space 5120K, 99% used [0x00000007ddf80000,0x00000007de47d010,0x00000007de480000)
  to   space 5120K, 0% used [0x00000007dda80000,0x00000007dda80000,0x00000007ddf80000)
 ParOldGen       total 87040K, used 33306K [0x0000000780400000, 0x0000000785900000, 0x00000007d5680000)
  object space 87040K, 38% used [0x0000000780400000,0x0000000782486970,0x0000000785900000)
 PSPermGen       total 33280K, used 33253K [0x000000077b200000, 0x000000077d280000, 0x0000000780400000)
  object space 33280K, 99% used [0x000000077b200000,0x000000077d279778,0x000000077d280000)
}

